<?xml version="1.0" encoding="UTF-8"?>
<testng-results ignored="0" total="4" passed="4" failed="0" skipped="0">
  <reporter-output>
  </reporter-output>
  <suite started-at="2022-03-24T19:24:48 IST" name="Default suite" finished-at="2022-03-24T19:25:12 IST" duration-ms="24387">
    <groups>
      <group name="Chrome">
        <method signature="test.launchChrome()[pri:0, instance:Test.test@3daa422a]" name="launchChrome" class="Test.test"/>
        <method signature="test.register()[pri:1, instance:Test.test@3daa422a]" name="register" class="Test.test"/>
      </group> <!-- Chrome -->
    </groups>
    <test started-at="2022-03-24T19:24:48 IST" name="Default test" finished-at="2022-03-24T19:25:12 IST" duration-ms="24387">
      <class name="Test.test">
        <test-method signature="launchChrome()[pri:0, instance:Test.test@3daa422a]" started-at="2022-03-24T19:24:48 IST" name="launchChrome" finished-at="2022-03-24T19:24:53 IST" duration-ms="5184" status="PASS">
          <reporter-output>
          </reporter-output>
        </test-method> <!-- launchChrome -->
        <test-method signature="register()[pri:1, instance:Test.test@3daa422a]" started-at="2022-03-24T19:24:53 IST" name="register" finished-at="2022-03-24T19:24:57 IST" depends-on-methods="Test.test.launchChrome" duration-ms="3458" status="PASS">
          <reporter-output>
          </reporter-output>
        </test-method> <!-- register -->
        <test-method signature="login()[pri:2, instance:Test.test@3daa422a]" started-at="2022-03-24T19:24:57 IST" name="login" finished-at="2022-03-24T19:25:02 IST" duration-ms="5626" status="PASS">
          <reporter-output>
          </reporter-output>
        </test-method> <!-- login -->
        <test-method signature="addToCart()[pri:3, instance:Test.test@3daa422a]" started-at="2022-03-24T19:25:02 IST" name="addToCart" finished-at="2022-03-24T19:25:12 IST" duration-ms="10073" status="PASS">
          <reporter-output>
          </reporter-output>
        </test-method> <!-- addToCart -->
      </class> <!-- Test.test -->
    </test> <!-- Default test -->
  </suite> <!-- Default suite -->
</testng-results>
