<?xml version="1.0" encoding="UTF-8"?>
<!-- Generated by org.testng.reporters.JUnitXMLReporter -->
<testsuite ignored="0" hostname="LAPTOP-98EOKGMK" failures="0" tests="4" name="Default test" time="24.387" errors="0" timestamp="2022-03-24T19:25:12 IST">
  <testcase classname="Test.test" name="launchChrome" time="5.184"/>
  <testcase classname="Test.test" name="register" time="3.458"/>
  <testcase classname="Test.test" name="login" time="5.626"/>
  <testcase classname="Test.test" name="addToCart" time="10.073"/>
</testsuite> <!-- Default test -->
